<?xml version="1.0" encoding="UTF-8"?>
<testsuite xmlns:xsi="http://www.w3.org/2001/XMLSchema-instance" xsi:noNamespaceSchemaLocation="https://maven.apache.org/surefire/maven-surefire-plugin/xsd/surefire-test-report.xsd" name="TestSuite" time="8.51" tests="7" errors="0" skipped="0" failures="0">
  <properties>
[...]
</properties>
  <testcase name="getIdApi" classname="tests.GetIdRequest" time="1.719"/>
  <testcase name="getIdApi" classname="tests.GetIdRequest" time="1.004"/>
  <testcase name="getIdApi" classname="tests.GetIdRequest" time="1.064"/>
  <testcase name="getresponse" classname="tests.GetIdRequest" time="1.042"/>
  <testcase name="getresponse" classname="tests.GetIdRequest" time="0.975"/>
  <testcase name="getresponse" classname="tests.GetIdRequest" time="1.056"/>
  <testcase name="putApi" classname="tests.PutRequest" time="1.154"/>
</testsuite>